<?xml version="1.0" encoding="UTF-8"?>
<!-- Generated by org.testng.reporters.JUnitReportReporter -->
<testsuite hostname="RAJRASIN-T480" failures="0" tests="3" name="testCases.TEST2" time="0.006" errors="0" timestamp="2022-07-01T16:06:19 IST" skipped="0">
  <testcase classname="testCases.TEST2" name="a5" time="0.002"/>
  <system-out/>
  <testcase classname="testCases.TEST2" name="a6" time="0.002"/>
  <system-out/>
  <testcase classname="testCases.TEST2" name="a4" time="0.002"/>
  <system-out/>
</testsuite> <!-- testCases.TEST2 -->
