<?xml version="1.0" encoding="UTF-8"?>
<!-- Generated by org.testng.reporters.JUnitReportReporter -->
<testsuite hostname="RAJRASIN-T480" failures="0" tests="1" name="testCases.TEST1" time="0.118" errors="0" timestamp="2022-07-01T16:21:44 IST" skipped="0">
  <testcase classname="testCases.TEST1" name="a1" time="0.118"/>
  <system-out/>
</testsuite> <!-- testCases.TEST1 -->
